(base) jnanaboyapati@macbook-air primitive_go2 % mjpython compute_primitives.py 

  Foot targets for STAND:
    FR: foot_x=+0.1934, foot_z=-0.2700
    FL: foot_x=+0.1934, foot_z=-0.2700
    RR: foot_x=-0.1934, foot_z=-0.2700
    RL: foot_x=-0.1934, foot_z=-0.2700

============================================================
  STAND
============================================================
  FR:
    hip    = +0.000000
    thigh  = +0.884337
    calf   = -1.768673
  FL:
    hip    = +0.000000
    thigh  = +0.884337
    calf   = -1.768673
  RR:
    hip    = +0.000000
    thigh  = +0.884337
    calf   = -1.768673
  RL:
    hip    = +0.000000
    thigh  = +0.884337
    calf   = -1.768673

  Raw array:
  array([ 0.        ,  0.88433655, -1.7686731 ,  0.        ,  0.88433655,
       -1.7686731 ,  0.        ,  0.88433655, -1.7686731 ,  0.        ,
        0.88433655, -1.7686731 ])

  Foot targets for LAY:
    FR: foot_x=+0.1934, foot_z=-0.0930
    FL: foot_x=+0.1934, foot_z=-0.0930
    RR: foot_x=-0.1934, foot_z=-0.0930
    RL: foot_x=-0.1934, foot_z=-0.0930

============================================================
  LAY
============================================================
  FR:
    hip    = +0.000000
    thigh  = +1.350714
    calf   = -2.701428
  FL:
    hip    = +0.000000
    thigh  = +1.350714
    calf   = -2.701428
  RR:
    hip    = +0.000000
    thigh  = +1.350714
    calf   = -2.701428
  RL:
    hip    = +0.000000
    thigh  = +1.350714
    calf   = -2.701428

  Raw array:
  array([ 0.        ,  1.35071411, -2.70142822,  0.        ,  1.35071411,
       -2.70142822,  0.        ,  1.35071411, -2.70142822,  0.        ,
        1.35071411, -2.70142822])

  Foot targets for SIT:
    FR: foot_x=+0.1934, foot_z=-0.2700
    FL: foot_x=+0.1934, foot_z=-0.2700
    RR: foot_x=-0.0200, foot_z=-0.0200
    RL: foot_x=-0.0200, foot_z=-0.0200

============================================================
  SIT
============================================================
  FR:
    hip    = +0.000000
    thigh  = +0.884337
    calf   = -1.768673
  FL:
    hip    = +0.000000
    thigh  = +0.884337
    calf   = -1.768673
  RR:
    hip    = +0.000000
    thigh  = +2.604590
    calf   = -2.297253
  RL:
    hip    = +0.000000
    thigh  = +2.604590
    calf   = -2.297253

  Raw array:
  array([ 0.        ,  0.88433655, -1.7686731 ,  0.        ,  0.88433655,
       -1.7686731 ,  0.        ,  2.6045899 , -2.2972528 ,  0.        ,
        2.6045899 , -2.2972528 ])

  Foot targets for WALK PHASE 1:
    FR: foot_x=+0.1534, foot_z=-0.2700
    FL: foot_x=+0.2334, foot_z=-0.1500
    RR: foot_x=-0.1534, foot_z=-0.1500
    RL: foot_x=-0.2334, foot_z=-0.2700

============================================================
  WALK PHASE 1
============================================================
  FR:
    hip    = +0.000000
    thigh  = +0.728282
    calf   = -1.750720
  FL:
    hip    = +0.000000
    thigh  = +1.458392
    calf   = -2.395579
  RR:
    hip    = +0.000000
    thigh  = +1.458392
    calf   = -2.395579
  RL:
    hip    = +0.000000
    thigh  = +0.728282
    calf   = -1.750720

  Raw array:
  array([ 0.        ,  0.7282818 , -1.75072032,  0.        ,  1.45839178,
       -2.39557877,  0.        ,  1.45839178, -2.39557877,  0.        ,
        0.7282818 , -1.75072032])

  Foot targets for WALK PHASE 2:
    FR: foot_x=+0.1334, foot_z=-0.2700
    FL: foot_x=+0.2334, foot_z=-0.2700
    RR: foot_x=-0.1534, foot_z=-0.2700
    RL: foot_x=-0.2534, foot_z=-0.2700

============================================================
  WALK PHASE 2
============================================================
  FR:
    hip    = +0.000000
    thigh  = +0.645511
    calf   = -1.728361
  FL:
    hip    = +0.000000
    thigh  = +1.022439
    calf   = -1.750720
  RR:
    hip    = +0.000000
    thigh  = +1.022439
    calf   = -1.750720
  RL:
    hip    = +0.000000
    thigh  = +0.645511
    calf   = -1.728361

  Raw array:
  array([ 0.        ,  0.64551145, -1.72836079,  0.        ,  1.02243851,
       -1.75072032,  0.        ,  1.02243851, -1.75072032,  0.        ,
        0.64551145, -1.72836079])

  Foot targets for WALK PHASE 3:
    FR: foot_x=+0.2334, foot_z=-0.1500
    FL: foot_x=+0.2134, foot_z=-0.2700
    RR: foot_x=-0.1734, foot_z=-0.2700
    RL: foot_x=-0.1534, foot_z=-0.1500

============================================================
  WALK PHASE 3
============================================================
  FR:
    hip    = +0.000000
    thigh  = +1.458392
    calf   = -2.395579
  FL:
    hip    = +0.000000
    thigh  = +0.956029
    calf   = -1.764179
  RR:
    hip    = +0.000000
    thigh  = +0.956029
    calf   = -1.764179
  RL:
    hip    = +0.000000
    thigh  = +1.458392
    calf   = -2.395579

  Raw array:
  array([ 0.        ,  1.45839178, -2.39557877,  0.        ,  0.95602858,
       -1.76417908,  0.        ,  0.95602858, -1.76417908,  0.        ,
        1.45839178, -2.39557877])

  Foot targets for WALK PHASE 4:
    FR: foot_x=+0.2334, foot_z=-0.2700
    FL: foot_x=+0.1934, foot_z=-0.2700
    RR: foot_x=-0.1934, foot_z=-0.2700
    RL: foot_x=-0.1534, foot_z=-0.2700

============================================================
  WALK PHASE 4
============================================================
  FR:
    hip    = +0.000000
    thigh  = +1.022439
    calf   = -1.750720
  FL:
    hip    = +0.000000
    thigh  = +0.884337
    calf   = -1.768673
  RR:
    hip    = +0.000000
    thigh  = +0.884337
    calf   = -1.768673
  RL:
    hip    = +0.000000
    thigh  = +1.022439
    calf   = -1.750720

  Raw array:
  array([ 0.        ,  1.02243851, -1.75072032,  0.        ,  0.88433655,
       -1.7686731 ,  0.        ,  0.88433655, -1.7686731 ,  0.        ,
        1.02243851, -1.75072032])

============================================================
  Done. All joint angles computed from existing IK pipeline.
============================================================